Warning: CustomCategory:nav_learning: Empty content category element not published.
Warning: CustomCategory:nav_resources: Empty content category element not published.
Warning: CustomCategory:nav_marketing_materials: Empty content category element not published.
Warning: CustomCategory:nav_authoring_advice: Empty content category element not published.
Warning: CustomCategory:business_practice_list: Empty content category element not published.
Warning: CustomCategory:general_practice_list: Empty content category element not published.
Warning: CustomCategory:management_practice_list: Empty content category element not published.
Warning: CustomCategory:technical_practice_list: Empty content category element not published.
Warning: CustomCategory:onsite: Empty content category element not published.
Warning: CustomCategory:offsite: Empty content category element not published.
Warning: CustomCategory:all_sites: Empty content category element not published.
Warning: CustomCategory:work_location: Empty content category element not published.
Warning: CustomCategory:critical: Empty content category element not published.
Warning: CustomCategory:desired: Empty content category element not published.
Warning: CustomCategory:conditional: Empty content category element not published.
Warning: CustomCategory:criticality: Empty content category element not published.
Warning: CustomCategory:global_delivery: Empty content category element not published.
Warning: CustomCategory:nav_featured_guidance: Empty content category element not published.
Warning: Discipline:bus_enablers: Empty content category element not published.
Warning: Discipline:governance: Empty content category element not published.
Warning: Discipline:op_trans: Empty content category element not published.
Warning: Discipline:org_change: Empty content category element not published.
Warning: Discipline:performance_mgmt: Empty content category element not published.
Warning: Discipline:accessibility: Empty content category element not published.
Warning: Discipline:system_mgmt: Empty content category element not published.
Warning: Discipline:value_confirmation: Empty content category element not published.
Warning: Discipline:opportunity_planning: Empty content category element not published.
Warning: Discipline:account_planning: Empty content category element not published.
Warning: Discipline:assets_and_industry_models: Empty content category element not published.
Warning: Discipline:build_assembly_and_deploy: Empty content category element not published.
Warning: Discipline:business_rules_and_policies: Empty content category element not published.
Warning: Discipline:information_and_integration: Empty content category element not published.
Warning: Discipline:soma_base: Empty content category element not published.
Warning: Discipline:testing_and_quality_assurance: Empty content category element not published.
Warning: Discipline:variatio_oriented_analysis_and_design: Empty content category element not published.
Warning: Discipline:rqmts_mgmt: Empty content category element not published.
Warning: Domain:operating_platform: Empty content category element not published.
Warning: Domain:storage: Empty content category element not published.
Warning: WorkProductType:third_party: Empty content category element not published.
Warning: RoleSet:deployment: Empty content category element not published.
Warning: RoleSet:third_party_expertise: Empty content category element not published.
Warning: RoleSet:third_party_type: Empty content category element not published.
Warning: CustomCategory:measurements_list: Empty content category element not published.
Warning: Tool:cvs_tool: Empty content category element not published.
Warning: Tool:insight: Empty content category element not published.
Warning: Tool:method_composer_tool: Empty content category element not published.
Warning: Tool:rad: Empty content category element not published.
Warning: Tool:purifyplus: Empty content category element not published.
Warning: CustomCategory:release_info: Empty content category element not published.
Warning: Practice:component_sys_arch: Unable to find element for guid _pNee0G8tEd-9z7-UXfcS-A
